"clang -o conftest -I/usr/local/Cellar/ruby/2.1.4/include/ruby-2.1.0/x86_64-darwin14.0 -I/usr/local/Cellar/ruby/2.1.4/include/ruby-2.1.0/ruby/backward -I/usr/local/Cellar/ruby/2.1.4/include/ruby-2.1.0 -I.  -I/usr/local/opt/libyaml/include -I/usr/local/opt/openssl/include -I/usr/local/opt/readline/include -D_XOPEN_SOURCE -D_DARWIN_C_SOURCE -D_DARWIN_UNLIMITED_SELECT -D_REENTRANT    -O3 -fno-fast-math -ggdb3 -Wall -Wextra -Wno-unused-parameter -Wno-parentheses -Wno-long-long -Wno-missing-field-initializers -Wunused-variable -Wpointer-arith -Wwrite-strings -Wdeclaration-after-statement -Wshorten-64-to-32 -Wimplicit-function-declaration -Wdivision-by-zero -Wextra-tokens  -fno-common -pipe  conftest.c  -L. -L/usr/local/Cellar/ruby/2.1.4/lib -L/usr/local/opt/libyaml/lib -L/usr/local/opt/openssl/lib -L/usr/local/opt/readline/lib -L. -fstack-protector -L/usr/local/opt/libyaml/lib -L/usr/local/opt/openssl/lib -L/usr/local/opt/readline/lib      -lruby.2.1.0  -lpthread -ldl -lobjc  "
checked program was:
/* begin */
1: #include "ruby.h"
2: 
3: int main(int argc, char **argv)
4: {
5:   return 0;
6: }
/* end */

"clang -I/usr/local/Cellar/ruby/2.1.4/include/ruby-2.1.0/x86_64-darwin14.0 -I/usr/local/Cellar/ruby/2.1.4/include/ruby-2.1.0/ruby/backward -I/usr/local/Cellar/ruby/2.1.4/include/ruby-2.1.0 -I.  -I/usr/local/opt/libyaml/include -I/usr/local/opt/openssl/include -I/usr/local/opt/readline/include -D_XOPEN_SOURCE -D_DARWIN_C_SOURCE -D_DARWIN_UNLIMITED_SELECT -D_REENTRANT    -O3 -fno-fast-math -ggdb3 -Wall -Wextra -Wno-unused-parameter -Wno-parentheses -Wno-long-long -Wno-missing-field-initializers -Wunused-variable -Wpointer-arith -Wwrite-strings -Wdeclaration-after-statement -Wshorten-64-to-32 -Wimplicit-function-declaration -Wdivision-by-zero -Wextra-tokens  -fno-common -pipe    -Werror -c conftest.c"
checked program was:
/* begin */
1: #include "ruby.h"
2: 
3: int main() {return 0;}
/* end */

"clang -I/usr/local/Cellar/ruby/2.1.4/include/ruby-2.1.0/x86_64-darwin14.0 -I/usr/local/Cellar/ruby/2.1.4/include/ruby-2.1.0/ruby/backward -I/usr/local/Cellar/ruby/2.1.4/include/ruby-2.1.0 -I.  -I/usr/local/opt/libyaml/include -I/usr/local/opt/openssl/include -I/usr/local/opt/readline/include -D_XOPEN_SOURCE -D_DARWIN_C_SOURCE -D_DARWIN_UNLIMITED_SELECT -D_REENTRANT    -O3 -fno-fast-math -ggdb3 -Wall -Wextra -Wno-unused-parameter -Wno-parentheses -Wno-long-long -Wno-missing-field-initializers -Wunused-variable -Wpointer-arith -Wwrite-strings -Wdeclaration-after-statement -Wshorten-64-to-32 -Wimplicit-function-declaration -Wdivision-by-zero -Wextra-tokens  -fno-common -pipe  -Wno-error=unused-command-line-argument-hard-error-in-future   -Werror -c conftest.c"
error: unknown warning option '-Werror=unused-command-line-argument-hard-error-in-future'; did you mean '-Werror=unused-command-line-argument'? [-Werror,-Wunknown-warning-option]
checked program was:
/* begin */
1: #include "ruby.h"
2: 
3: int main() {return 0;}
/* end */

package configuration for libxslt is not found
package configuration for libexslt is not found
"clang -E -I/usr/local/Cellar/ruby/2.1.4/include/ruby-2.1.0/x86_64-darwin14.0 -I/usr/local/Cellar/ruby/2.1.4/include/ruby-2.1.0/ruby/backward -I/usr/local/Cellar/ruby/2.1.4/include/ruby-2.1.0 -I. -I/usr/local/opt/libxml2/include/libxml2  -I/usr/local/opt/libyaml/include -I/usr/local/opt/openssl/include -I/usr/local/opt/readline/include -D_XOPEN_SOURCE -D_DARWIN_C_SOURCE -D_DARWIN_UNLIMITED_SELECT -D_REENTRANT    -O3 -fno-fast-math -ggdb3 -Wall -Wextra -Wno-unused-parameter -Wno-parentheses -Wno-long-long -Wno-missing-field-initializers -Wunused-variable -Wpointer-arith -Wwrite-strings -Wdeclaration-after-statement -Wshorten-64-to-32 -Wimplicit-function-declaration -Wdivision-by-zero -Wextra-tokens  -fno-common -pipe   conftest.c -o conftest.i"
checked program was:
/* begin */
1: #include "ruby.h"
2: 
3: #include <libxml/xmlversion.h>
4: 
5: #if LIBXML_VERSION < 20621
6: #error libxml2 is way too old
7: #endif
/* end */

"clang -E -I/usr/local/Cellar/ruby/2.1.4/include/ruby-2.1.0/x86_64-darwin14.0 -I/usr/local/Cellar/ruby/2.1.4/include/ruby-2.1.0/ruby/backward -I/usr/local/Cellar/ruby/2.1.4/include/ruby-2.1.0 -I. -I/usr/local/opt/libxml2/include/libxml2  -I/usr/local/opt/libyaml/include -I/usr/local/opt/openssl/include -I/usr/local/opt/readline/include -D_XOPEN_SOURCE -D_DARWIN_C_SOURCE -D_DARWIN_UNLIMITED_SELECT -D_REENTRANT    -O3 -fno-fast-math -ggdb3 -Wall -Wextra -Wno-unused-parameter -Wno-parentheses -Wno-long-long -Wno-missing-field-initializers -Wunused-variable -Wpointer-arith -Wwrite-strings -Wdeclaration-after-statement -Wshorten-64-to-32 -Wimplicit-function-declaration -Wdivision-by-zero -Wextra-tokens  -fno-common -pipe   conftest.c -o conftest.i"
checked program was:
/* begin */
1: #include "ruby.h"
2: 
3: #include <libxml/xmlversion.h>
4: 
5: #if LIBXML_VERSION < 20902
6: #error libxml2 is too old
7: #endif
/* end */

have_func: checking for xmlParseDoc() in libxml/parser.h... -------------------- no

"clang -o conftest -I/usr/local/Cellar/ruby/2.1.4/include/ruby-2.1.0/x86_64-darwin14.0 -I/usr/local/Cellar/ruby/2.1.4/include/ruby-2.1.0/ruby/backward -I/usr/local/Cellar/ruby/2.1.4/include/ruby-2.1.0 -I. -I/usr/local/opt/libxml2/include/libxml2  -I/usr/local/opt/libyaml/include -I/usr/local/opt/openssl/include -I/usr/local/opt/readline/include -D_XOPEN_SOURCE -D_DARWIN_C_SOURCE -D_DARWIN_UNLIMITED_SELECT -D_REENTRANT    -O3 -fno-fast-math -ggdb3 -Wall -Wextra -Wno-unused-parameter -Wno-parentheses -Wno-long-long -Wno-missing-field-initializers -Wunused-variable -Wpointer-arith -Wwrite-strings -Wdeclaration-after-statement -Wshorten-64-to-32 -Wimplicit-function-declaration -Wdivision-by-zero -Wextra-tokens  -fno-common -pipe  conftest.c  -L. -L/usr/local/Cellar/ruby/2.1.4/lib -L/usr/local/opt/libyaml/lib -L/usr/local/opt/openssl/lib -L/usr/local/opt/readline/lib -L. -fstack-protector -L/usr/local/opt/libyaml/lib -L/usr/local/opt/openssl/lib -L/usr/local/opt/readline/lib      -lruby.2.1.0  -lpthread -ldl -lobjc  "
Undefined symbols for architecture x86_64:
  "_xmlParseDoc", referenced from:
      _t in conftest-aba202.o
ld: symbol(s) not found for architecture x86_64
clang: error: linker command failed with exit code 1 (use -v to see invocation)
checked program was:
/* begin */
 1: #include "ruby.h"
 2: 
 3: #include <libxml/parser.h>
 4: 
 5: /*top*/
 6: extern int t(void);
 7: int main(int argc, char **argv)
 8: {
 9:   if (argc > 1000000) {
10:     printf("%p", &t);
11:   }
12: 
13:   return 0;
14: }
15: int t(void) { void ((*volatile p)()); p = (void ((*)()))xmlParseDoc; return 0; }
/* end */

"clang -o conftest -I/usr/local/Cellar/ruby/2.1.4/include/ruby-2.1.0/x86_64-darwin14.0 -I/usr/local/Cellar/ruby/2.1.4/include/ruby-2.1.0/ruby/backward -I/usr/local/Cellar/ruby/2.1.4/include/ruby-2.1.0 -I. -I/usr/local/opt/libxml2/include/libxml2  -I/usr/local/opt/libyaml/include -I/usr/local/opt/openssl/include -I/usr/local/opt/readline/include -D_XOPEN_SOURCE -D_DARWIN_C_SOURCE -D_DARWIN_UNLIMITED_SELECT -D_REENTRANT    -O3 -fno-fast-math -ggdb3 -Wall -Wextra -Wno-unused-parameter -Wno-parentheses -Wno-long-long -Wno-missing-field-initializers -Wunused-variable -Wpointer-arith -Wwrite-strings -Wdeclaration-after-statement -Wshorten-64-to-32 -Wimplicit-function-declaration -Wdivision-by-zero -Wextra-tokens  -fno-common -pipe  conftest.c  -L. -L/usr/local/Cellar/ruby/2.1.4/lib -L/usr/local/opt/libyaml/lib -L/usr/local/opt/openssl/lib -L/usr/local/opt/readline/lib -L. -fstack-protector -L/usr/local/opt/libyaml/lib -L/usr/local/opt/openssl/lib -L/usr/local/opt/readline/lib      -lruby.2.1.0  -lpthread -ldl -lobjc  "
conftest.c:15:27: error: too few arguments to function call, single argument 'cur' was not specified
int t(void) { xmlParseDoc(); return 0; }
              ~~~~~~~~~~~ ^
/usr/local/opt/libxml2/include/libxml2/libxml/parser.h:841:11: note: 'xmlParseDoc' declared here
XMLPUBFUN xmlDocPtr XMLCALL
          ^
1 error generated.
checked program was:
/* begin */
 1: #include "ruby.h"
 2: 
 3: #include <libxml/parser.h>
 4: 
 5: /*top*/
 6: extern int t(void);
 7: int main(int argc, char **argv)
 8: {
 9:   if (argc > 1000000) {
10:     printf("%p", &t);
11:   }
12: 
13:   return 0;
14: }
15: int t(void) { xmlParseDoc(); return 0; }
/* end */

--------------------

have_library: checking for xmlParseDoc() in -lxml2... -------------------- yes

"clang -o conftest -I/usr/local/Cellar/ruby/2.1.4/include/ruby-2.1.0/x86_64-darwin14.0 -I/usr/local/Cellar/ruby/2.1.4/include/ruby-2.1.0/ruby/backward -I/usr/local/Cellar/ruby/2.1.4/include/ruby-2.1.0 -I. -I/usr/local/opt/libxml2/include/libxml2  -I/usr/local/opt/libyaml/include -I/usr/local/opt/openssl/include -I/usr/local/opt/readline/include -D_XOPEN_SOURCE -D_DARWIN_C_SOURCE -D_DARWIN_UNLIMITED_SELECT -D_REENTRANT    -O3 -fno-fast-math -ggdb3 -Wall -Wextra -Wno-unused-parameter -Wno-parentheses -Wno-long-long -Wno-missing-field-initializers -Wunused-variable -Wpointer-arith -Wwrite-strings -Wdeclaration-after-statement -Wshorten-64-to-32 -Wimplicit-function-declaration -Wdivision-by-zero -Wextra-tokens  -fno-common -pipe  conftest.c  -L. -L/usr/local/Cellar/ruby/2.1.4/lib -L/usr/local/opt/libyaml/lib -L/usr/local/opt/openssl/lib -L/usr/local/opt/readline/lib -L. -fstack-protector -L/usr/local/opt/libyaml/lib -L/usr/local/opt/openssl/lib -L/usr/local/opt/readline/lib      -lruby.2.1.0 -lxml2  -lpthread -ldl -lobjc  "
checked program was:
/* begin */
 1: #include "ruby.h"
 2: 
 3: #include <libxml/parser.h>
 4: 
 5: /*top*/
 6: extern int t(void);
 7: int main(int argc, char **argv)
 8: {
 9:   if (argc > 1000000) {
10:     printf("%p", &t);
11:   }
12: 
13:   return 0;
14: }
15: int t(void) { void ((*volatile p)()); p = (void ((*)()))xmlParseDoc; return 0; }
/* end */

--------------------

have_func: checking for xsltParseStylesheetDoc() in libxslt/xslt.h... -------------------- no

"clang -o conftest -I/usr/local/Cellar/ruby/2.1.4/include/ruby-2.1.0/x86_64-darwin14.0 -I/usr/local/Cellar/ruby/2.1.4/include/ruby-2.1.0/ruby/backward -I/usr/local/Cellar/ruby/2.1.4/include/ruby-2.1.0 -I. -I/usr/local/opt/libxml2/include/libxml2  -I/usr/local/opt/libyaml/include -I/usr/local/opt/openssl/include -I/usr/local/opt/readline/include -D_XOPEN_SOURCE -D_DARWIN_C_SOURCE -D_DARWIN_UNLIMITED_SELECT -D_REENTRANT    -O3 -fno-fast-math -ggdb3 -Wall -Wextra -Wno-unused-parameter -Wno-parentheses -Wno-long-long -Wno-missing-field-initializers -Wunused-variable -Wpointer-arith -Wwrite-strings -Wdeclaration-after-statement -Wshorten-64-to-32 -Wimplicit-function-declaration -Wdivision-by-zero -Wextra-tokens  -fno-common -pipe  conftest.c  -L. -L/usr/local/Cellar/ruby/2.1.4/lib -L/usr/local/opt/libyaml/lib -L/usr/local/opt/openssl/lib -L/usr/local/opt/readline/lib -L. -fstack-protector -L/usr/local/opt/libyaml/lib -L/usr/local/opt/openssl/lib -L/usr/local/opt/readline/lib     -lxml2  -lruby.2.1.0 -lxml2  -lpthread -ldl -lobjc  "
conftest.c:15:57: error: use of undeclared identifier 'xsltParseStylesheetDoc'
int t(void) { void ((*volatile p)()); p = (void ((*)()))xsltParseStylesheetDoc; return 0; }
                                                        ^
1 error generated.
checked program was:
/* begin */
 1: #include "ruby.h"
 2: 
 3: #include <libxslt/xslt.h>
 4: 
 5: /*top*/
 6: extern int t(void);
 7: int main(int argc, char **argv)
 8: {
 9:   if (argc > 1000000) {
10:     printf("%p", &t);
11:   }
12: 
13:   return 0;
14: }
15: int t(void) { void ((*volatile p)()); p = (void ((*)()))xsltParseStylesheetDoc; return 0; }
/* end */

"clang -o conftest -I/usr/local/Cellar/ruby/2.1.4/include/ruby-2.1.0/x86_64-darwin14.0 -I/usr/local/Cellar/ruby/2.1.4/include/ruby-2.1.0/ruby/backward -I/usr/local/Cellar/ruby/2.1.4/include/ruby-2.1.0 -I. -I/usr/local/opt/libxml2/include/libxml2  -I/usr/local/opt/libyaml/include -I/usr/local/opt/openssl/include -I/usr/local/opt/readline/include -D_XOPEN_SOURCE -D_DARWIN_C_SOURCE -D_DARWIN_UNLIMITED_SELECT -D_REENTRANT    -O3 -fno-fast-math -ggdb3 -Wall -Wextra -Wno-unused-parameter -Wno-parentheses -Wno-long-long -Wno-missing-field-initializers -Wunused-variable -Wpointer-arith -Wwrite-strings -Wdeclaration-after-statement -Wshorten-64-to-32 -Wimplicit-function-declaration -Wdivision-by-zero -Wextra-tokens  -fno-common -pipe  conftest.c  -L. -L/usr/local/Cellar/ruby/2.1.4/lib -L/usr/local/opt/libyaml/lib -L/usr/local/opt/openssl/lib -L/usr/local/opt/readline/lib -L. -fstack-protector -L/usr/local/opt/libyaml/lib -L/usr/local/opt/openssl/lib -L/usr/local/opt/readline/lib     -lxml2  -lruby.2.1.0 -lxml2  -lpthread -ldl -lobjc  "
conftest.c:15:15: warning: implicit declaration of function 'xsltParseStylesheetDoc' is invalid in C99 [-Wimplicit-function-declaration]
int t(void) { xsltParseStylesheetDoc(); return 0; }
              ^
1 warning generated.
Undefined symbols for architecture x86_64:
  "_xsltParseStylesheetDoc", referenced from:
      _t in conftest-97a072.o
ld: symbol(s) not found for architecture x86_64
clang: error: linker command failed with exit code 1 (use -v to see invocation)
checked program was:
/* begin */
 1: #include "ruby.h"
 2: 
 3: #include <libxslt/xslt.h>
 4: 
 5: /*top*/
 6: extern int t(void);
 7: int main(int argc, char **argv)
 8: {
 9:   if (argc > 1000000) {
10:     printf("%p", &t);
11:   }
12: 
13:   return 0;
14: }
15: int t(void) { xsltParseStylesheetDoc(); return 0; }
/* end */

--------------------

have_library: checking for xsltParseStylesheetDoc() in -lxslt... -------------------- yes

"clang -o conftest -I/usr/local/Cellar/ruby/2.1.4/include/ruby-2.1.0/x86_64-darwin14.0 -I/usr/local/Cellar/ruby/2.1.4/include/ruby-2.1.0/ruby/backward -I/usr/local/Cellar/ruby/2.1.4/include/ruby-2.1.0 -I. -I/usr/local/opt/libxml2/include/libxml2  -I/usr/local/opt/libyaml/include -I/usr/local/opt/openssl/include -I/usr/local/opt/readline/include -D_XOPEN_SOURCE -D_DARWIN_C_SOURCE -D_DARWIN_UNLIMITED_SELECT -D_REENTRANT    -O3 -fno-fast-math -ggdb3 -Wall -Wextra -Wno-unused-parameter -Wno-parentheses -Wno-long-long -Wno-missing-field-initializers -Wunused-variable -Wpointer-arith -Wwrite-strings -Wdeclaration-after-statement -Wshorten-64-to-32 -Wimplicit-function-declaration -Wdivision-by-zero -Wextra-tokens  -fno-common -pipe  conftest.c  -L. -L/usr/local/Cellar/ruby/2.1.4/lib -L/usr/local/opt/libyaml/lib -L/usr/local/opt/openssl/lib -L/usr/local/opt/readline/lib -L. -fstack-protector -L/usr/local/opt/libyaml/lib -L/usr/local/opt/openssl/lib -L/usr/local/opt/readline/lib     -lxml2  -lruby.2.1.0 -lxslt -lxml2  -lpthread -ldl -lobjc  "
conftest.c:15:57: error: use of undeclared identifier 'xsltParseStylesheetDoc'
int t(void) { void ((*volatile p)()); p = (void ((*)()))xsltParseStylesheetDoc; return 0; }
                                                        ^
1 error generated.
checked program was:
/* begin */
 1: #include "ruby.h"
 2: 
 3: #include <libxslt/xslt.h>
 4: 
 5: /*top*/
 6: extern int t(void);
 7: int main(int argc, char **argv)
 8: {
 9:   if (argc > 1000000) {
10:     printf("%p", &t);
11:   }
12: 
13:   return 0;
14: }
15: int t(void) { void ((*volatile p)()); p = (void ((*)()))xsltParseStylesheetDoc; return 0; }
/* end */

"clang -o conftest -I/usr/local/Cellar/ruby/2.1.4/include/ruby-2.1.0/x86_64-darwin14.0 -I/usr/local/Cellar/ruby/2.1.4/include/ruby-2.1.0/ruby/backward -I/usr/local/Cellar/ruby/2.1.4/include/ruby-2.1.0 -I. -I/usr/local/opt/libxml2/include/libxml2  -I/usr/local/opt/libyaml/include -I/usr/local/opt/openssl/include -I/usr/local/opt/readline/include -D_XOPEN_SOURCE -D_DARWIN_C_SOURCE -D_DARWIN_UNLIMITED_SELECT -D_REENTRANT    -O3 -fno-fast-math -ggdb3 -Wall -Wextra -Wno-unused-parameter -Wno-parentheses -Wno-long-long -Wno-missing-field-initializers -Wunused-variable -Wpointer-arith -Wwrite-strings -Wdeclaration-after-statement -Wshorten-64-to-32 -Wimplicit-function-declaration -Wdivision-by-zero -Wextra-tokens  -fno-common -pipe  conftest.c  -L. -L/usr/local/Cellar/ruby/2.1.4/lib -L/usr/local/opt/libyaml/lib -L/usr/local/opt/openssl/lib -L/usr/local/opt/readline/lib -L. -fstack-protector -L/usr/local/opt/libyaml/lib -L/usr/local/opt/openssl/lib -L/usr/local/opt/readline/lib     -lxml2  -lruby.2.1.0 -lxslt -lxml2  -lpthread -ldl -lobjc  "
conftest.c:15:15: warning: implicit declaration of function 'xsltParseStylesheetDoc' is invalid in C99 [-Wimplicit-function-declaration]
int t(void) { xsltParseStylesheetDoc(); return 0; }
              ^
1 warning generated.
checked program was:
/* begin */
 1: #include "ruby.h"
 2: 
 3: #include <libxslt/xslt.h>
 4: 
 5: /*top*/
 6: extern int t(void);
 7: int main(int argc, char **argv)
 8: {
 9:   if (argc > 1000000) {
10:     printf("%p", &t);
11:   }
12: 
13:   return 0;
14: }
15: int t(void) { xsltParseStylesheetDoc(); return 0; }
/* end */

--------------------

have_func: checking for exsltFuncRegister() in libexslt/exslt.h... -------------------- no

"clang -o conftest -I/usr/local/Cellar/ruby/2.1.4/include/ruby-2.1.0/x86_64-darwin14.0 -I/usr/local/Cellar/ruby/2.1.4/include/ruby-2.1.0/ruby/backward -I/usr/local/Cellar/ruby/2.1.4/include/ruby-2.1.0 -I. -I/usr/local/opt/libxml2/include/libxml2  -I/usr/local/opt/libyaml/include -I/usr/local/opt/openssl/include -I/usr/local/opt/readline/include -D_XOPEN_SOURCE -D_DARWIN_C_SOURCE -D_DARWIN_UNLIMITED_SELECT -D_REENTRANT    -O3 -fno-fast-math -ggdb3 -Wall -Wextra -Wno-unused-parameter -Wno-parentheses -Wno-long-long -Wno-missing-field-initializers -Wunused-variable -Wpointer-arith -Wwrite-strings -Wdeclaration-after-statement -Wshorten-64-to-32 -Wimplicit-function-declaration -Wdivision-by-zero -Wextra-tokens  -fno-common -pipe  conftest.c  -L. -L/usr/local/Cellar/ruby/2.1.4/lib -L/usr/local/opt/libyaml/lib -L/usr/local/opt/openssl/lib -L/usr/local/opt/readline/lib -L. -fstack-protector -L/usr/local/opt/libyaml/lib -L/usr/local/opt/openssl/lib -L/usr/local/opt/readline/lib     -lxslt -lxml2  -lruby.2.1.0 -lxslt -lxml2  -lpthread -ldl -lobjc  "
Undefined symbols for architecture x86_64:
  "_exsltFuncRegister", referenced from:
      _t in conftest-d82b64.o
ld: symbol(s) not found for architecture x86_64
clang: error: linker command failed with exit code 1 (use -v to see invocation)
checked program was:
/* begin */
 1: #include "ruby.h"
 2: 
 3: #include <libexslt/exslt.h>
 4: 
 5: /*top*/
 6: extern int t(void);
 7: int main(int argc, char **argv)
 8: {
 9:   if (argc > 1000000) {
10:     printf("%p", &t);
11:   }
12: 
13:   return 0;
14: }
15: int t(void) { void ((*volatile p)()); p = (void ((*)()))exsltFuncRegister; return 0; }
/* end */

"clang -o conftest -I/usr/local/Cellar/ruby/2.1.4/include/ruby-2.1.0/x86_64-darwin14.0 -I/usr/local/Cellar/ruby/2.1.4/include/ruby-2.1.0/ruby/backward -I/usr/local/Cellar/ruby/2.1.4/include/ruby-2.1.0 -I. -I/usr/local/opt/libxml2/include/libxml2  -I/usr/local/opt/libyaml/include -I/usr/local/opt/openssl/include -I/usr/local/opt/readline/include -D_XOPEN_SOURCE -D_DARWIN_C_SOURCE -D_DARWIN_UNLIMITED_SELECT -D_REENTRANT    -O3 -fno-fast-math -ggdb3 -Wall -Wextra -Wno-unused-parameter -Wno-parentheses -Wno-long-long -Wno-missing-field-initializers -Wunused-variable -Wpointer-arith -Wwrite-strings -Wdeclaration-after-statement -Wshorten-64-to-32 -Wimplicit-function-declaration -Wdivision-by-zero -Wextra-tokens  -fno-common -pipe  conftest.c  -L. -L/usr/local/Cellar/ruby/2.1.4/lib -L/usr/local/opt/libyaml/lib -L/usr/local/opt/openssl/lib -L/usr/local/opt/readline/lib -L. -fstack-protector -L/usr/local/opt/libyaml/lib -L/usr/local/opt/openssl/lib -L/usr/local/opt/readline/lib     -lxslt -lxml2  -lruby.2.1.0 -lxslt -lxml2  -lpthread -ldl -lobjc  "
Undefined symbols for architecture x86_64:
  "_exsltFuncRegister", referenced from:
      _t in conftest-dfad69.o
ld: symbol(s) not found for architecture x86_64
clang: error: linker command failed with exit code 1 (use -v to see invocation)
checked program was:
/* begin */
 1: #include "ruby.h"
 2: 
 3: #include <libexslt/exslt.h>
 4: 
 5: /*top*/
 6: extern int t(void);
 7: int main(int argc, char **argv)
 8: {
 9:   if (argc > 1000000) {
10:     printf("%p", &t);
11:   }
12: 
13:   return 0;
14: }
15: int t(void) { exsltFuncRegister(); return 0; }
/* end */

--------------------

have_library: checking for exsltFuncRegister() in -lexslt... -------------------- yes

"clang -o conftest -I/usr/local/Cellar/ruby/2.1.4/include/ruby-2.1.0/x86_64-darwin14.0 -I/usr/local/Cellar/ruby/2.1.4/include/ruby-2.1.0/ruby/backward -I/usr/local/Cellar/ruby/2.1.4/include/ruby-2.1.0 -I. -I/usr/local/opt/libxml2/include/libxml2  -I/usr/local/opt/libyaml/include -I/usr/local/opt/openssl/include -I/usr/local/opt/readline/include -D_XOPEN_SOURCE -D_DARWIN_C_SOURCE -D_DARWIN_UNLIMITED_SELECT -D_REENTRANT    -O3 -fno-fast-math -ggdb3 -Wall -Wextra -Wno-unused-parameter -Wno-parentheses -Wno-long-long -Wno-missing-field-initializers -Wunused-variable -Wpointer-arith -Wwrite-strings -Wdeclaration-after-statement -Wshorten-64-to-32 -Wimplicit-function-declaration -Wdivision-by-zero -Wextra-tokens  -fno-common -pipe  conftest.c  -L. -L/usr/local/Cellar/ruby/2.1.4/lib -L/usr/local/opt/libyaml/lib -L/usr/local/opt/openssl/lib -L/usr/local/opt/readline/lib -L. -fstack-protector -L/usr/local/opt/libyaml/lib -L/usr/local/opt/openssl/lib -L/usr/local/opt/readline/lib     -lxslt -lxml2  -lruby.2.1.0 -lexslt -lxslt -lxml2  -lpthread -ldl -lobjc  "
checked program was:
/* begin */
 1: #include "ruby.h"
 2: 
 3: #include <libexslt/exslt.h>
 4: 
 5: /*top*/
 6: extern int t(void);
 7: int main(int argc, char **argv)
 8: {
 9:   if (argc > 1000000) {
10:     printf("%p", &t);
11:   }
12: 
13:   return 0;
14: }
15: int t(void) { void ((*volatile p)()); p = (void ((*)()))exsltFuncRegister; return 0; }
/* end */

--------------------

have_func: checking for xmlHasFeature()... -------------------- yes

"clang -o conftest -I/usr/local/Cellar/ruby/2.1.4/include/ruby-2.1.0/x86_64-darwin14.0 -I/usr/local/Cellar/ruby/2.1.4/include/ruby-2.1.0/ruby/backward -I/usr/local/Cellar/ruby/2.1.4/include/ruby-2.1.0 -I. -I/usr/local/opt/libxml2/include/libxml2  -I/usr/local/opt/libyaml/include -I/usr/local/opt/openssl/include -I/usr/local/opt/readline/include -D_XOPEN_SOURCE -D_DARWIN_C_SOURCE -D_DARWIN_UNLIMITED_SELECT -D_REENTRANT    -O3 -fno-fast-math -ggdb3 -Wall -Wextra -Wno-unused-parameter -Wno-parentheses -Wno-long-long -Wno-missing-field-initializers -Wunused-variable -Wpointer-arith -Wwrite-strings -Wdeclaration-after-statement -Wshorten-64-to-32 -Wimplicit-function-declaration -Wdivision-by-zero -Wextra-tokens  -fno-common -pipe  conftest.c  -L. -L/usr/local/Cellar/ruby/2.1.4/lib -L/usr/local/opt/libyaml/lib -L/usr/local/opt/openssl/lib -L/usr/local/opt/readline/lib -L. -fstack-protector -L/usr/local/opt/libyaml/lib -L/usr/local/opt/openssl/lib -L/usr/local/opt/readline/lib     -lexslt -lxslt -lxml2  -lruby.2.1.0 -lexslt -lxslt -lxml2  -lpthread -ldl -lobjc  "
conftest.c:13:57: error: use of undeclared identifier 'xmlHasFeature'
int t(void) { void ((*volatile p)()); p = (void ((*)()))xmlHasFeature; return 0; }
                                                        ^
1 error generated.
checked program was:
/* begin */
 1: #include "ruby.h"
 2: 
 3: /*top*/
 4: extern int t(void);
 5: int main(int argc, char **argv)
 6: {
 7:   if (argc > 1000000) {
 8:     printf("%p", &t);
 9:   }
10: 
11:   return 0;
12: }
13: int t(void) { void ((*volatile p)()); p = (void ((*)()))xmlHasFeature; return 0; }
/* end */

"clang -o conftest -I/usr/local/Cellar/ruby/2.1.4/include/ruby-2.1.0/x86_64-darwin14.0 -I/usr/local/Cellar/ruby/2.1.4/include/ruby-2.1.0/ruby/backward -I/usr/local/Cellar/ruby/2.1.4/include/ruby-2.1.0 -I. -I/usr/local/opt/libxml2/include/libxml2  -I/usr/local/opt/libyaml/include -I/usr/local/opt/openssl/include -I/usr/local/opt/readline/include -D_XOPEN_SOURCE -D_DARWIN_C_SOURCE -D_DARWIN_UNLIMITED_SELECT -D_REENTRANT    -O3 -fno-fast-math -ggdb3 -Wall -Wextra -Wno-unused-parameter -Wno-parentheses -Wno-long-long -Wno-missing-field-initializers -Wunused-variable -Wpointer-arith -Wwrite-strings -Wdeclaration-after-statement -Wshorten-64-to-32 -Wimplicit-function-declaration -Wdivision-by-zero -Wextra-tokens  -fno-common -pipe  conftest.c  -L. -L/usr/local/Cellar/ruby/2.1.4/lib -L/usr/local/opt/libyaml/lib -L/usr/local/opt/openssl/lib -L/usr/local/opt/readline/lib -L. -fstack-protector -L/usr/local/opt/libyaml/lib -L/usr/local/opt/openssl/lib -L/usr/local/opt/readline/lib     -lexslt -lxslt -lxml2  -lruby.2.1.0 -lexslt -lxslt -lxml2  -lpthread -ldl -lobjc  "
conftest.c:13:15: warning: implicit declaration of function 'xmlHasFeature' is invalid in C99 [-Wimplicit-function-declaration]
int t(void) { xmlHasFeature(); return 0; }
              ^
1 warning generated.
checked program was:
/* begin */
 1: #include "ruby.h"
 2: 
 3: /*top*/
 4: extern int t(void);
 5: int main(int argc, char **argv)
 6: {
 7:   if (argc > 1000000) {
 8:     printf("%p", &t);
 9:   }
10: 
11:   return 0;
12: }
13: int t(void) { xmlHasFeature(); return 0; }
/* end */

--------------------

have_func: checking for xmlFirstElementChild()... -------------------- yes

"clang -o conftest -I/usr/local/Cellar/ruby/2.1.4/include/ruby-2.1.0/x86_64-darwin14.0 -I/usr/local/Cellar/ruby/2.1.4/include/ruby-2.1.0/ruby/backward -I/usr/local/Cellar/ruby/2.1.4/include/ruby-2.1.0 -I. -I/usr/local/opt/libxml2/include/libxml2  -I/usr/local/opt/libyaml/include -I/usr/local/opt/openssl/include -I/usr/local/opt/readline/include -D_XOPEN_SOURCE -D_DARWIN_C_SOURCE -D_DARWIN_UNLIMITED_SELECT -D_REENTRANT    -O3 -fno-fast-math -ggdb3 -Wall -Wextra -Wno-unused-parameter -Wno-parentheses -Wno-long-long -Wno-missing-field-initializers -Wunused-variable -Wpointer-arith -Wwrite-strings -Wdeclaration-after-statement -Wshorten-64-to-32 -Wimplicit-function-declaration -Wdivision-by-zero -Wextra-tokens  -fno-common -pipe  conftest.c  -L. -L/usr/local/Cellar/ruby/2.1.4/lib -L/usr/local/opt/libyaml/lib -L/usr/local/opt/openssl/lib -L/usr/local/opt/readline/lib -L. -fstack-protector -L/usr/local/opt/libyaml/lib -L/usr/local/opt/openssl/lib -L/usr/local/opt/readline/lib     -lexslt -lxslt -lxml2  -lruby.2.1.0 -lexslt -lxslt -lxml2  -lpthread -ldl -lobjc  "
conftest.c:13:57: error: use of undeclared identifier 'xmlFirstElementChild'
int t(void) { void ((*volatile p)()); p = (void ((*)()))xmlFirstElementChild; return 0; }
                                                        ^
1 error generated.
checked program was:
/* begin */
 1: #include "ruby.h"
 2: 
 3: /*top*/
 4: extern int t(void);
 5: int main(int argc, char **argv)
 6: {
 7:   if (argc > 1000000) {
 8:     printf("%p", &t);
 9:   }
10: 
11:   return 0;
12: }
13: int t(void) { void ((*volatile p)()); p = (void ((*)()))xmlFirstElementChild; return 0; }
/* end */

"clang -o conftest -I/usr/local/Cellar/ruby/2.1.4/include/ruby-2.1.0/x86_64-darwin14.0 -I/usr/local/Cellar/ruby/2.1.4/include/ruby-2.1.0/ruby/backward -I/usr/local/Cellar/ruby/2.1.4/include/ruby-2.1.0 -I. -I/usr/local/opt/libxml2/include/libxml2  -I/usr/local/opt/libyaml/include -I/usr/local/opt/openssl/include -I/usr/local/opt/readline/include -D_XOPEN_SOURCE -D_DARWIN_C_SOURCE -D_DARWIN_UNLIMITED_SELECT -D_REENTRANT    -O3 -fno-fast-math -ggdb3 -Wall -Wextra -Wno-unused-parameter -Wno-parentheses -Wno-long-long -Wno-missing-field-initializers -Wunused-variable -Wpointer-arith -Wwrite-strings -Wdeclaration-after-statement -Wshorten-64-to-32 -Wimplicit-function-declaration -Wdivision-by-zero -Wextra-tokens  -fno-common -pipe  conftest.c  -L. -L/usr/local/Cellar/ruby/2.1.4/lib -L/usr/local/opt/libyaml/lib -L/usr/local/opt/openssl/lib -L/usr/local/opt/readline/lib -L. -fstack-protector -L/usr/local/opt/libyaml/lib -L/usr/local/opt/openssl/lib -L/usr/local/opt/readline/lib     -lexslt -lxslt -lxml2  -lruby.2.1.0 -lexslt -lxslt -lxml2  -lpthread -ldl -lobjc  "
conftest.c:13:15: warning: implicit declaration of function 'xmlFirstElementChild' is invalid in C99 [-Wimplicit-function-declaration]
int t(void) { xmlFirstElementChild(); return 0; }
              ^
1 warning generated.
checked program was:
/* begin */
 1: #include "ruby.h"
 2: 
 3: /*top*/
 4: extern int t(void);
 5: int main(int argc, char **argv)
 6: {
 7:   if (argc > 1000000) {
 8:     printf("%p", &t);
 9:   }
10: 
11:   return 0;
12: }
13: int t(void) { xmlFirstElementChild(); return 0; }
/* end */

--------------------

have_func: checking for xmlRelaxNGSetParserStructuredErrors()... -------------------- yes

"clang -o conftest -I/usr/local/Cellar/ruby/2.1.4/include/ruby-2.1.0/x86_64-darwin14.0 -I/usr/local/Cellar/ruby/2.1.4/include/ruby-2.1.0/ruby/backward -I/usr/local/Cellar/ruby/2.1.4/include/ruby-2.1.0 -I. -I/usr/local/opt/libxml2/include/libxml2  -I/usr/local/opt/libyaml/include -I/usr/local/opt/openssl/include -I/usr/local/opt/readline/include -D_XOPEN_SOURCE -D_DARWIN_C_SOURCE -D_DARWIN_UNLIMITED_SELECT -D_REENTRANT    -O3 -fno-fast-math -ggdb3 -Wall -Wextra -Wno-unused-parameter -Wno-parentheses -Wno-long-long -Wno-missing-field-initializers -Wunused-variable -Wpointer-arith -Wwrite-strings -Wdeclaration-after-statement -Wshorten-64-to-32 -Wimplicit-function-declaration -Wdivision-by-zero -Wextra-tokens  -fno-common -pipe  conftest.c  -L. -L/usr/local/Cellar/ruby/2.1.4/lib -L/usr/local/opt/libyaml/lib -L/usr/local/opt/openssl/lib -L/usr/local/opt/readline/lib -L. -fstack-protector -L/usr/local/opt/libyaml/lib -L/usr/local/opt/openssl/lib -L/usr/local/opt/readline/lib     -lexslt -lxslt -lxml2  -lruby.2.1.0 -lexslt -lxslt -lxml2  -lpthread -ldl -lobjc  "
conftest.c:13:57: error: use of undeclared identifier 'xmlRelaxNGSetParserStructuredErrors'
int t(void) { void ((*volatile p)()); p = (void ((*)()))xmlRelaxNGSetParserStructuredErrors; return 0; }
                                                        ^
1 error generated.
checked program was:
/* begin */
 1: #include "ruby.h"
 2: 
 3: /*top*/
 4: extern int t(void);
 5: int main(int argc, char **argv)
 6: {
 7:   if (argc > 1000000) {
 8:     printf("%p", &t);
 9:   }
10: 
11:   return 0;
12: }
13: int t(void) { void ((*volatile p)()); p = (void ((*)()))xmlRelaxNGSetParserStructuredErrors; return 0; }
/* end */

"clang -o conftest -I/usr/local/Cellar/ruby/2.1.4/include/ruby-2.1.0/x86_64-darwin14.0 -I/usr/local/Cellar/ruby/2.1.4/include/ruby-2.1.0/ruby/backward -I/usr/local/Cellar/ruby/2.1.4/include/ruby-2.1.0 -I. -I/usr/local/opt/libxml2/include/libxml2  -I/usr/local/opt/libyaml/include -I/usr/local/opt/openssl/include -I/usr/local/opt/readline/include -D_XOPEN_SOURCE -D_DARWIN_C_SOURCE -D_DARWIN_UNLIMITED_SELECT -D_REENTRANT    -O3 -fno-fast-math -ggdb3 -Wall -Wextra -Wno-unused-parameter -Wno-parentheses -Wno-long-long -Wno-missing-field-initializers -Wunused-variable -Wpointer-arith -Wwrite-strings -Wdeclaration-after-statement -Wshorten-64-to-32 -Wimplicit-function-declaration -Wdivision-by-zero -Wextra-tokens  -fno-common -pipe  conftest.c  -L. -L/usr/local/Cellar/ruby/2.1.4/lib -L/usr/local/opt/libyaml/lib -L/usr/local/opt/openssl/lib -L/usr/local/opt/readline/lib -L. -fstack-protector -L/usr/local/opt/libyaml/lib -L/usr/local/opt/openssl/lib -L/usr/local/opt/readline/lib     -lexslt -lxslt -lxml2  -lruby.2.1.0 -lexslt -lxslt -lxml2  -lpthread -ldl -lobjc  "
conftest.c:13:15: warning: implicit declaration of function 'xmlRelaxNGSetParserStructuredErrors' is invalid in C99 [-Wimplicit-function-declaration]
int t(void) { xmlRelaxNGSetParserStructuredErrors(); return 0; }
              ^
1 warning generated.
checked program was:
/* begin */
 1: #include "ruby.h"
 2: 
 3: /*top*/
 4: extern int t(void);
 5: int main(int argc, char **argv)
 6: {
 7:   if (argc > 1000000) {
 8:     printf("%p", &t);
 9:   }
10: 
11:   return 0;
12: }
13: int t(void) { xmlRelaxNGSetParserStructuredErrors(); return 0; }
/* end */

--------------------

have_func: checking for xmlRelaxNGSetParserStructuredErrors()... -------------------- yes

"clang -o conftest -I/usr/local/Cellar/ruby/2.1.4/include/ruby-2.1.0/x86_64-darwin14.0 -I/usr/local/Cellar/ruby/2.1.4/include/ruby-2.1.0/ruby/backward -I/usr/local/Cellar/ruby/2.1.4/include/ruby-2.1.0 -I. -I/usr/local/opt/libxml2/include/libxml2  -I/usr/local/opt/libyaml/include -I/usr/local/opt/openssl/include -I/usr/local/opt/readline/include -D_XOPEN_SOURCE -D_DARWIN_C_SOURCE -D_DARWIN_UNLIMITED_SELECT -D_REENTRANT    -O3 -fno-fast-math -ggdb3 -Wall -Wextra -Wno-unused-parameter -Wno-parentheses -Wno-long-long -Wno-missing-field-initializers -Wunused-variable -Wpointer-arith -Wwrite-strings -Wdeclaration-after-statement -Wshorten-64-to-32 -Wimplicit-function-declaration -Wdivision-by-zero -Wextra-tokens  -fno-common -pipe  conftest.c  -L. -L/usr/local/Cellar/ruby/2.1.4/lib -L/usr/local/opt/libyaml/lib -L/usr/local/opt/openssl/lib -L/usr/local/opt/readline/lib -L. -fstack-protector -L/usr/local/opt/libyaml/lib -L/usr/local/opt/openssl/lib -L/usr/local/opt/readline/lib     -lexslt -lxslt -lxml2  -lruby.2.1.0 -lexslt -lxslt -lxml2  -lpthread -ldl -lobjc  "
conftest.c:13:57: error: use of undeclared identifier 'xmlRelaxNGSetParserStructuredErrors'
int t(void) { void ((*volatile p)()); p = (void ((*)()))xmlRelaxNGSetParserStructuredErrors; return 0; }
                                                        ^
1 error generated.
checked program was:
/* begin */
 1: #include "ruby.h"
 2: 
 3: /*top*/
 4: extern int t(void);
 5: int main(int argc, char **argv)
 6: {
 7:   if (argc > 1000000) {
 8:     printf("%p", &t);
 9:   }
10: 
11:   return 0;
12: }
13: int t(void) { void ((*volatile p)()); p = (void ((*)()))xmlRelaxNGSetParserStructuredErrors; return 0; }
/* end */

"clang -o conftest -I/usr/local/Cellar/ruby/2.1.4/include/ruby-2.1.0/x86_64-darwin14.0 -I/usr/local/Cellar/ruby/2.1.4/include/ruby-2.1.0/ruby/backward -I/usr/local/Cellar/ruby/2.1.4/include/ruby-2.1.0 -I. -I/usr/local/opt/libxml2/include/libxml2  -I/usr/local/opt/libyaml/include -I/usr/local/opt/openssl/include -I/usr/local/opt/readline/include -D_XOPEN_SOURCE -D_DARWIN_C_SOURCE -D_DARWIN_UNLIMITED_SELECT -D_REENTRANT    -O3 -fno-fast-math -ggdb3 -Wall -Wextra -Wno-unused-parameter -Wno-parentheses -Wno-long-long -Wno-missing-field-initializers -Wunused-variable -Wpointer-arith -Wwrite-strings -Wdeclaration-after-statement -Wshorten-64-to-32 -Wimplicit-function-declaration -Wdivision-by-zero -Wextra-tokens  -fno-common -pipe  conftest.c  -L. -L/usr/local/Cellar/ruby/2.1.4/lib -L/usr/local/opt/libyaml/lib -L/usr/local/opt/openssl/lib -L/usr/local/opt/readline/lib -L. -fstack-protector -L/usr/local/opt/libyaml/lib -L/usr/local/opt/openssl/lib -L/usr/local/opt/readline/lib     -lexslt -lxslt -lxml2  -lruby.2.1.0 -lexslt -lxslt -lxml2  -lpthread -ldl -lobjc  "
conftest.c:13:15: warning: implicit declaration of function 'xmlRelaxNGSetParserStructuredErrors' is invalid in C99 [-Wimplicit-function-declaration]
int t(void) { xmlRelaxNGSetParserStructuredErrors(); return 0; }
              ^
1 warning generated.
checked program was:
/* begin */
 1: #include "ruby.h"
 2: 
 3: /*top*/
 4: extern int t(void);
 5: int main(int argc, char **argv)
 6: {
 7:   if (argc > 1000000) {
 8:     printf("%p", &t);
 9:   }
10: 
11:   return 0;
12: }
13: int t(void) { xmlRelaxNGSetParserStructuredErrors(); return 0; }
/* end */

--------------------

have_func: checking for xmlRelaxNGSetValidStructuredErrors()... -------------------- yes

"clang -o conftest -I/usr/local/Cellar/ruby/2.1.4/include/ruby-2.1.0/x86_64-darwin14.0 -I/usr/local/Cellar/ruby/2.1.4/include/ruby-2.1.0/ruby/backward -I/usr/local/Cellar/ruby/2.1.4/include/ruby-2.1.0 -I. -I/usr/local/opt/libxml2/include/libxml2  -I/usr/local/opt/libyaml/include -I/usr/local/opt/openssl/include -I/usr/local/opt/readline/include -D_XOPEN_SOURCE -D_DARWIN_C_SOURCE -D_DARWIN_UNLIMITED_SELECT -D_REENTRANT    -O3 -fno-fast-math -ggdb3 -Wall -Wextra -Wno-unused-parameter -Wno-parentheses -Wno-long-long -Wno-missing-field-initializers -Wunused-variable -Wpointer-arith -Wwrite-strings -Wdeclaration-after-statement -Wshorten-64-to-32 -Wimplicit-function-declaration -Wdivision-by-zero -Wextra-tokens  -fno-common -pipe  conftest.c  -L. -L/usr/local/Cellar/ruby/2.1.4/lib -L/usr/local/opt/libyaml/lib -L/usr/local/opt/openssl/lib -L/usr/local/opt/readline/lib -L. -fstack-protector -L/usr/local/opt/libyaml/lib -L/usr/local/opt/openssl/lib -L/usr/local/opt/readline/lib     -lexslt -lxslt -lxml2  -lruby.2.1.0 -lexslt -lxslt -lxml2  -lpthread -ldl -lobjc  "
conftest.c:13:57: error: use of undeclared identifier 'xmlRelaxNGSetValidStructuredErrors'
int t(void) { void ((*volatile p)()); p = (void ((*)()))xmlRelaxNGSetValidStructuredErrors; return 0; }
                                                        ^
1 error generated.
checked program was:
/* begin */
 1: #include "ruby.h"
 2: 
 3: /*top*/
 4: extern int t(void);
 5: int main(int argc, char **argv)
 6: {
 7:   if (argc > 1000000) {
 8:     printf("%p", &t);
 9:   }
10: 
11:   return 0;
12: }
13: int t(void) { void ((*volatile p)()); p = (void ((*)()))xmlRelaxNGSetValidStructuredErrors; return 0; }
/* end */

"clang -o conftest -I/usr/local/Cellar/ruby/2.1.4/include/ruby-2.1.0/x86_64-darwin14.0 -I/usr/local/Cellar/ruby/2.1.4/include/ruby-2.1.0/ruby/backward -I/usr/local/Cellar/ruby/2.1.4/include/ruby-2.1.0 -I. -I/usr/local/opt/libxml2/include/libxml2  -I/usr/local/opt/libyaml/include -I/usr/local/opt/openssl/include -I/usr/local/opt/readline/include -D_XOPEN_SOURCE -D_DARWIN_C_SOURCE -D_DARWIN_UNLIMITED_SELECT -D_REENTRANT    -O3 -fno-fast-math -ggdb3 -Wall -Wextra -Wno-unused-parameter -Wno-parentheses -Wno-long-long -Wno-missing-field-initializers -Wunused-variable -Wpointer-arith -Wwrite-strings -Wdeclaration-after-statement -Wshorten-64-to-32 -Wimplicit-function-declaration -Wdivision-by-zero -Wextra-tokens  -fno-common -pipe  conftest.c  -L. -L/usr/local/Cellar/ruby/2.1.4/lib -L/usr/local/opt/libyaml/lib -L/usr/local/opt/openssl/lib -L/usr/local/opt/readline/lib -L. -fstack-protector -L/usr/local/opt/libyaml/lib -L/usr/local/opt/openssl/lib -L/usr/local/opt/readline/lib     -lexslt -lxslt -lxml2  -lruby.2.1.0 -lexslt -lxslt -lxml2  -lpthread -ldl -lobjc  "
conftest.c:13:15: warning: implicit declaration of function 'xmlRelaxNGSetValidStructuredErrors' is invalid in C99 [-Wimplicit-function-declaration]
int t(void) { xmlRelaxNGSetValidStructuredErrors(); return 0; }
              ^
1 warning generated.
checked program was:
/* begin */
 1: #include "ruby.h"
 2: 
 3: /*top*/
 4: extern int t(void);
 5: int main(int argc, char **argv)
 6: {
 7:   if (argc > 1000000) {
 8:     printf("%p", &t);
 9:   }
10: 
11:   return 0;
12: }
13: int t(void) { xmlRelaxNGSetValidStructuredErrors(); return 0; }
/* end */

--------------------

have_func: checking for xmlSchemaSetValidStructuredErrors()... -------------------- yes

"clang -o conftest -I/usr/local/Cellar/ruby/2.1.4/include/ruby-2.1.0/x86_64-darwin14.0 -I/usr/local/Cellar/ruby/2.1.4/include/ruby-2.1.0/ruby/backward -I/usr/local/Cellar/ruby/2.1.4/include/ruby-2.1.0 -I. -I/usr/local/opt/libxml2/include/libxml2  -I/usr/local/opt/libyaml/include -I/usr/local/opt/openssl/include -I/usr/local/opt/readline/include -D_XOPEN_SOURCE -D_DARWIN_C_SOURCE -D_DARWIN_UNLIMITED_SELECT -D_REENTRANT    -O3 -fno-fast-math -ggdb3 -Wall -Wextra -Wno-unused-parameter -Wno-parentheses -Wno-long-long -Wno-missing-field-initializers -Wunused-variable -Wpointer-arith -Wwrite-strings -Wdeclaration-after-statement -Wshorten-64-to-32 -Wimplicit-function-declaration -Wdivision-by-zero -Wextra-tokens  -fno-common -pipe  conftest.c  -L. -L/usr/local/Cellar/ruby/2.1.4/lib -L/usr/local/opt/libyaml/lib -L/usr/local/opt/openssl/lib -L/usr/local/opt/readline/lib -L. -fstack-protector -L/usr/local/opt/libyaml/lib -L/usr/local/opt/openssl/lib -L/usr/local/opt/readline/lib     -lexslt -lxslt -lxml2  -lruby.2.1.0 -lexslt -lxslt -lxml2  -lpthread -ldl -lobjc  "
conftest.c:13:57: error: use of undeclared identifier 'xmlSchemaSetValidStructuredErrors'
int t(void) { void ((*volatile p)()); p = (void ((*)()))xmlSchemaSetValidStructuredErrors; return 0; }
                                                        ^
1 error generated.
checked program was:
/* begin */
 1: #include "ruby.h"
 2: 
 3: /*top*/
 4: extern int t(void);
 5: int main(int argc, char **argv)
 6: {
 7:   if (argc > 1000000) {
 8:     printf("%p", &t);
 9:   }
10: 
11:   return 0;
12: }
13: int t(void) { void ((*volatile p)()); p = (void ((*)()))xmlSchemaSetValidStructuredErrors; return 0; }
/* end */

"clang -o conftest -I/usr/local/Cellar/ruby/2.1.4/include/ruby-2.1.0/x86_64-darwin14.0 -I/usr/local/Cellar/ruby/2.1.4/include/ruby-2.1.0/ruby/backward -I/usr/local/Cellar/ruby/2.1.4/include/ruby-2.1.0 -I. -I/usr/local/opt/libxml2/include/libxml2  -I/usr/local/opt/libyaml/include -I/usr/local/opt/openssl/include -I/usr/local/opt/readline/include -D_XOPEN_SOURCE -D_DARWIN_C_SOURCE -D_DARWIN_UNLIMITED_SELECT -D_REENTRANT    -O3 -fno-fast-math -ggdb3 -Wall -Wextra -Wno-unused-parameter -Wno-parentheses -Wno-long-long -Wno-missing-field-initializers -Wunused-variable -Wpointer-arith -Wwrite-strings -Wdeclaration-after-statement -Wshorten-64-to-32 -Wimplicit-function-declaration -Wdivision-by-zero -Wextra-tokens  -fno-common -pipe  conftest.c  -L. -L/usr/local/Cellar/ruby/2.1.4/lib -L/usr/local/opt/libyaml/lib -L/usr/local/opt/openssl/lib -L/usr/local/opt/readline/lib -L. -fstack-protector -L/usr/local/opt/libyaml/lib -L/usr/local/opt/openssl/lib -L/usr/local/opt/readline/lib     -lexslt -lxslt -lxml2  -lruby.2.1.0 -lexslt -lxslt -lxml2  -lpthread -ldl -lobjc  "
conftest.c:13:15: warning: implicit declaration of function 'xmlSchemaSetValidStructuredErrors' is invalid in C99 [-Wimplicit-function-declaration]
int t(void) { xmlSchemaSetValidStructuredErrors(); return 0; }
              ^
1 warning generated.
checked program was:
/* begin */
 1: #include "ruby.h"
 2: 
 3: /*top*/
 4: extern int t(void);
 5: int main(int argc, char **argv)
 6: {
 7:   if (argc > 1000000) {
 8:     printf("%p", &t);
 9:   }
10: 
11:   return 0;
12: }
13: int t(void) { xmlSchemaSetValidStructuredErrors(); return 0; }
/* end */

--------------------

have_func: checking for xmlSchemaSetParserStructuredErrors()... -------------------- yes

"clang -o conftest -I/usr/local/Cellar/ruby/2.1.4/include/ruby-2.1.0/x86_64-darwin14.0 -I/usr/local/Cellar/ruby/2.1.4/include/ruby-2.1.0/ruby/backward -I/usr/local/Cellar/ruby/2.1.4/include/ruby-2.1.0 -I. -I/usr/local/opt/libxml2/include/libxml2  -I/usr/local/opt/libyaml/include -I/usr/local/opt/openssl/include -I/usr/local/opt/readline/include -D_XOPEN_SOURCE -D_DARWIN_C_SOURCE -D_DARWIN_UNLIMITED_SELECT -D_REENTRANT    -O3 -fno-fast-math -ggdb3 -Wall -Wextra -Wno-unused-parameter -Wno-parentheses -Wno-long-long -Wno-missing-field-initializers -Wunused-variable -Wpointer-arith -Wwrite-strings -Wdeclaration-after-statement -Wshorten-64-to-32 -Wimplicit-function-declaration -Wdivision-by-zero -Wextra-tokens  -fno-common -pipe  conftest.c  -L. -L/usr/local/Cellar/ruby/2.1.4/lib -L/usr/local/opt/libyaml/lib -L/usr/local/opt/openssl/lib -L/usr/local/opt/readline/lib -L. -fstack-protector -L/usr/local/opt/libyaml/lib -L/usr/local/opt/openssl/lib -L/usr/local/opt/readline/lib     -lexslt -lxslt -lxml2  -lruby.2.1.0 -lexslt -lxslt -lxml2  -lpthread -ldl -lobjc  "
conftest.c:13:57: error: use of undeclared identifier 'xmlSchemaSetParserStructuredErrors'
int t(void) { void ((*volatile p)()); p = (void ((*)()))xmlSchemaSetParserStructuredErrors; return 0; }
                                                        ^
1 error generated.
checked program was:
/* begin */
 1: #include "ruby.h"
 2: 
 3: /*top*/
 4: extern int t(void);
 5: int main(int argc, char **argv)
 6: {
 7:   if (argc > 1000000) {
 8:     printf("%p", &t);
 9:   }
10: 
11:   return 0;
12: }
13: int t(void) { void ((*volatile p)()); p = (void ((*)()))xmlSchemaSetParserStructuredErrors; return 0; }
/* end */

"clang -o conftest -I/usr/local/Cellar/ruby/2.1.4/include/ruby-2.1.0/x86_64-darwin14.0 -I/usr/local/Cellar/ruby/2.1.4/include/ruby-2.1.0/ruby/backward -I/usr/local/Cellar/ruby/2.1.4/include/ruby-2.1.0 -I. -I/usr/local/opt/libxml2/include/libxml2  -I/usr/local/opt/libyaml/include -I/usr/local/opt/openssl/include -I/usr/local/opt/readline/include -D_XOPEN_SOURCE -D_DARWIN_C_SOURCE -D_DARWIN_UNLIMITED_SELECT -D_REENTRANT    -O3 -fno-fast-math -ggdb3 -Wall -Wextra -Wno-unused-parameter -Wno-parentheses -Wno-long-long -Wno-missing-field-initializers -Wunused-variable -Wpointer-arith -Wwrite-strings -Wdeclaration-after-statement -Wshorten-64-to-32 -Wimplicit-function-declaration -Wdivision-by-zero -Wextra-tokens  -fno-common -pipe  conftest.c  -L. -L/usr/local/Cellar/ruby/2.1.4/lib -L/usr/local/opt/libyaml/lib -L/usr/local/opt/openssl/lib -L/usr/local/opt/readline/lib -L. -fstack-protector -L/usr/local/opt/libyaml/lib -L/usr/local/opt/openssl/lib -L/usr/local/opt/readline/lib     -lexslt -lxslt -lxml2  -lruby.2.1.0 -lexslt -lxslt -lxml2  -lpthread -ldl -lobjc  "
conftest.c:13:15: warning: implicit declaration of function 'xmlSchemaSetParserStructuredErrors' is invalid in C99 [-Wimplicit-function-declaration]
int t(void) { xmlSchemaSetParserStructuredErrors(); return 0; }
              ^
1 warning generated.
checked program was:
/* begin */
 1: #include "ruby.h"
 2: 
 3: /*top*/
 4: extern int t(void);
 5: int main(int argc, char **argv)
 6: {
 7:   if (argc > 1000000) {
 8:     printf("%p", &t);
 9:   }
10: 
11:   return 0;
12: }
13: int t(void) { xmlSchemaSetParserStructuredErrors(); return 0; }
/* end */

--------------------

